<?xml version="1.0" encoding="UTF-8"?>
<!-- Generated by org.testng.reporters.JUnitReportReporter -->
<testsuite hostname="LP0041710" failures="0" tests="3" name="com.salesForce.Test.ParallelRun" time="34.002" errors="0" timestamp="2025-02-10T11:39:02 CST" skipped="0">
  <testcase classname="com.salesForce.Test.ParallelRun" name="chromelaunch" time="6.369"/>
  <system-out/>
  <testcase classname="com.salesForce.Test.ParallelRun" name="firefoxlaunch" time="18.727"/>
  <system-out/>
  <testcase classname="com.salesForce.Test.ParallelRun" name="loginSalesForce" time="8.906"/>
  <system-out/>
</testsuite> <!-- com.salesForce.Test.ParallelRun -->
