<?xml version="1.0" encoding="UTF-8"?>
<!-- Generated by org.testng.reporters.JUnitReportReporter -->
<testsuite hostname="LP0041710" failures="0" tests="1" name="com.salesForce.Test.HomeTest" time="14.395" errors="0" timestamp="2024-12-13T23:37:21 CST" skipped="0">
  <testcase classname="com.salesForce.Test.HomeTest" name="myProfileChanges" time="14.395"/>
  <system-out/>
</testsuite> <!-- com.salesForce.Test.HomeTest -->
