<?xml version="1.0" encoding="UTF-8"?>
<!-- Generated by org.testng.reporters.JUnitReportReporter -->
<testsuite hostname="LP0041710" failures="0" tests="2" name="com.salesForce.Test.HomeTest" time="45.205" errors="0" timestamp="2025-02-10T09:50:12 CST" skipped="0">
  <testcase classname="com.salesForce.Test.HomeTest" name="UserMenuDropDown" time="23.910"/>
  <system-out/>
  <testcase classname="com.salesForce.Test.HomeTest" name="logoutApplication" time="21.295"/>
  <system-out/>
</testsuite> <!-- com.salesForce.Test.HomeTest -->
