<?xml version="1.0" encoding="UTF-8"?>
<!-- Generated by org.testng.reporters.JUnitReportReporter -->
<testsuite hostname="LP0041710" failures="0" tests="1" name="com.salesForce.Test.ContactsTest" time="9.683" errors="0" timestamp="2025-01-08T09:48:49 CST" skipped="0">
  <testcase classname="com.salesForce.Test.ContactsTest" name="verifySaveandNewFun" time="9.683"/>
  <system-out/>
</testsuite> <!-- com.salesForce.Test.ContactsTest -->
