<?xml version="1.0" encoding="UTF-8"?>
<!-- Generated by org.testng.reporters.JUnitReportReporter -->
<testsuite hostname="LP0041710" failures="0" tests="1" name="com.salesForce.Test.DeveloperConsoleTest" time="12.055" errors="0" timestamp="2024-12-30T00:33:17 CST" skipped="0">
  <testcase classname="com.salesForce.Test.DeveloperConsoleTest" name="mySettingChanges" time="12.055"/>
  <system-out/>
</testsuite> <!-- com.salesForce.Test.DeveloperConsoleTest -->
