<?xml version="1.0" encoding="UTF-8"?>
<!-- Generated by org.testng.reporters.JUnitReportReporter -->
<testsuite hostname="LP0041710" failures="0" tests="2" name="com.salesForce.Test.SDLCLoginTest" time="8.636" errors="0" timestamp="2025-03-13T14:47:26 CDT" skipped="0">
  <testcase classname="com.salesForce.Test.SDLCLoginTest" name="inCorrectCredentialErrorMsgExcel" time="5.869"/>
  <system-out/>
  <testcase classname="com.salesForce.Test.SDLCLoginTest" name="inCorrectCredentialErrorMsgExcel" time="2.767"/>
  <system-out/>
</testsuite> <!-- com.salesForce.Test.SDLCLoginTest -->
