<?xml version="1.0" encoding="UTF-8"?>
<!-- Generated by org.testng.reporters.JUnitReportReporter -->
<testsuite hostname="LP0041710" failures="0" tests="1" name="com.salesForce.Test.SDLCLoginTest" time="4.613" errors="0" timestamp="2024-12-14T17:34:05 CST" skipped="0">
  <testcase classname="com.salesForce.Test.SDLCLoginTest" name="loginErrorMsg" time="4.613"/>
  <system-out/>
</testsuite> <!-- com.salesForce.Test.SDLCLoginTest -->
