<?xml version="1.0" encoding="UTF-8"?>
<!-- Generated by org.testng.reporters.JUnitReportReporter -->
<testsuite hostname="LP0041710" failures="0" tests="1" name="com.salesForce.Test.OpportunitiesTest" time="7.479" errors="0" timestamp="2025-01-01T20:51:42 CST" skipped="0">
  <testcase classname="com.salesForce.Test.OpportunitiesTest" name="verifyQuarterlySummaryReport" time="7.479"/>
  <system-out/>
</testsuite> <!-- com.salesForce.Test.OpportunitiesTest -->
