<?xml version="1.0" encoding="UTF-8"?>
<!-- Generated by org.testng.reporters.JUnitReportReporter -->
<testsuite hostname="LP0041710" failures="0" tests="2" name="com.salesForce.Test.CreateAccountTest" time="24.309" errors="0" timestamp="2025-03-12T00:36:40 CDT" skipped="0">
  <testcase classname="com.salesForce.Test.CreateAccountTest" name="createNewAccount" time="12.030"/>
  <system-out/>
  <testcase classname="com.salesForce.Test.CreateAccountTest" name="createNewAccount" time="12.279"/>
  <system-out/>
</testsuite> <!-- com.salesForce.Test.CreateAccountTest -->
