<?xml version="1.0" encoding="UTF-8"?>
<!-- Generated by org.testng.reporters.JUnitReportReporter -->
<testsuite hostname="LP0041710" failures="0" tests="5" name="com.salesForce.Test.SDLCLoginTest" time="33.113" errors="0" timestamp="2024-12-14T22:56:52 CST" skipped="0">
  <testcase classname="com.salesForce.Test.SDLCLoginTest" name="inCorrectCredentialErrorMsg" time="5.530"/>
  <testcase classname="com.salesForce.Test.SDLCLoginTest" name="loginErrorMsg" time="4.276"/>
  <testcase classname="com.salesForce.Test.SDLCLoginTest" name="loginToSalesForce" time="9.352"/>
  <testcase classname="com.salesForce.Test.SDLCLoginTest" name="checkRememberMe" time="8.986"/>
  <testcase classname="com.salesForce.Test.SDLCLoginTest" name="forgotPsw" time="4.969"/>
</testsuite> <!-- com.salesForce.Test.SDLCLoginTest -->
