<?xml version="1.0" encoding="UTF-8"?>
<!-- Generated by org.testng.reporters.JUnitReportReporter -->
<testsuite hostname="LP0041710" failures="0" tests="5" name="com.salesForce.Test.SDLCLoginTest" time="45.570" errors="0" timestamp="2024-12-16T10:18:48 CST" skipped="0">
  <testcase classname="com.salesForce.Test.SDLCLoginTest" name="inCorrectCredentialErrorMsg" time="6.361"/>
  <testcase classname="com.salesForce.Test.SDLCLoginTest" name="loginErrorMsg" time="9.486"/>
  <testcase classname="com.salesForce.Test.SDLCLoginTest" name="loginToSalesForce" time="9.453"/>
  <testcase classname="com.salesForce.Test.SDLCLoginTest" name="checkRememberMe" time="13.883"/>
  <testcase classname="com.salesForce.Test.SDLCLoginTest" name="forgotPsw" time="6.387"/>
</testsuite> <!-- com.salesForce.Test.SDLCLoginTest -->
